CFF简介： 

功能的实现：


	一、游戏大厅：


		1. 登陆
		   1）输入账号和密码，点击登录按钮或者点击enter键进行登录。
                   2）如果输入的账号和密码都正确，则直接进入频列表界面。
                   3）如果输入的账号和密码有一个不正确，则会提示“账号或密码错误!”。

		2. 注册
                   1.当点击注册按钮后，会跳转到注册页面
                     1）账号 ：必须是字母开头，英文和数字均可。
                     2）名字 ：中文或英文均可。
		     3）登录密码 ：字母或者数字均可，但输入的位数不能少于6位。
                     4）确认密码 ：与输入的登录密码完全一致即可。
                     5）电子邮箱 ：
                     6）真实姓名 ：只要是中文即可。
 	             7）身份证号 ：必须是15位或18位数字，有字母的字母要大写。
                     8）验证码 ：现阶段只有一个验证码skrk,只要输入该4位字母即可。
                   2.将以上注册信息按正确的格式输入完之后，点击“提交并注册”按钮。
                     1）此时会检查账号是否已经注册过，如果该账号已经被注册过了，则会提示：“username is exist!”，并且在“提交注册”按钮的左下方提示：“注册失败!”。
                     2）如果该账号之前没有被注册过，则注册成功，并直接进入频道界面。

               3. 进入某频道列表中
                   1.进入频道的方法有两种：
                     1）双击某频道列表。
                     2）单击某频道列表，然后点击“加入频道”按钮。


        二、游戏频道


               1. 创建房间
                 1.房主点击创建空间按钮，即可进入创建房间界面。
                   1）空间名：
                     如果房主创建了空间名称，则用该空间名称。如果房主没有对空间进行命名，则用房主的昵称作为空间名称。
                   2）训练模式：
                     训练模式有两种：即守护模式和团队复生模式。
                   3）参训人数：房主可根据下拉框中的人数随意选择。

               2. 加入房间
                  1.加入房间的方法有两种：
                     1）双击某房间列表。
                     2）单击某房间列表，然后点击“进入空间”按钮。
                  2.加入房间后会直接进入空间等候界面。


             
        三、游戏房间


               1. 退出房间
                  1）点击房间中的退出按钮，即可退出房间返回到房间列表中。
                  2）如果所有玩家都退出该房间，则该房间自动在房间列表中删除。

               2. 准备游戏
                  1）玩家进入某房间后，点击房间中的“准备”按钮（表示已准备就绪）。

               3. 取消游戏
                  2）如果玩家已经准备就绪，但想取消准备，则点击房间中的“取消准备”按钮。

               4. 开始游戏
                  1）房主点击房间中的“开始”按钮即可开始游戏。

               5. 房间用户信息列表的显示
                 1. 玩家在空间等候界面中的用户信息列表暂时先显示两部分：即玩家的昵称和状态。
                  1）游戏还没有开始时，房主创建完房间后的状态为：主机。
                  2）游戏还没有开始时，除房主以外的其他玩家刚进入房间后的状态为：未准备。
                  3）游戏还没有开始时，当除房主以外的其他玩家点击房间中的准备按钮时，其用户列表中的状态为：准备就绪。
                  4）当房主点击开始游戏后，房主的状态为：游戏进行中.......。
                  5）当房主点击开始游戏后，房间中已经准备就绪的用户的状态为：游戏进行中.....。
                  6）当游戏已经开始时，这时再进入房间中的用户和已经在房间中但还没有准备就绪的用户，其用户列表中的状态都应显示为：准备就绪。
                  7）当用户退出房间后，则该退出的用户会在该房间的用户信息列表中自动删除。  

                
	二、游戏场景：

            
                1.中途退出游戏
		2. 前后左右移动、静走、跳跃、蹲下。
                  1) 前后左右移动的按键分别是：W、S、A、D。
                  2) 静走：按shift + 移动键 。
                  3）跳跃：按空格键。
                  4）蹲下：按ctrl键。

		3. 开枪

                4. 装子弹

                5. 切换背包

		6. 丢弃武器

                7. 拾取武器

                8. 更换武器

                9. 时钟显示
		
		10. 战绩统计
			1. 玩家进入游戏，点tab键显示所有玩家在游戏中战绩。
			2. 在游戏线束时，自动跳转到战绩统计界面，玩家在整局游戏的战绩统计。



测试bug：


