26/09/2012 11:06:06 (Std) 	+-+-+-+-+-+-+-+-+-+-+-+-+-+-+-+-+-+-+-+-+-+-+-+-+-+-+-+-+-+-+-+-+-+-+-+-+-+-+-+
26/09/2012 11:06:06 (Std) 	+                     Crazy Eddie's GUI System - Event log                    +
26/09/2012 11:06:06 (Std) 	+                          (http://www.cegui.org.uk/)                         +
26/09/2012 11:06:06 (Std) 	+-+-+-+-+-+-+-+-+-+-+-+-+-+-+-+-+-+-+-+-+-+-+-+-+-+-+-+-+-+-+-+-+-+-+-+-+-+-+-+

26/09/2012 11:06:06 (Std) 	CEGUI::Logger singleton created. (020E7328)
26/09/2012 11:06:06 (Std) 	
26/09/2012 11:06:06 (Std) 	********************************************************************************
26/09/2012 11:06:06 (Std) 	* Important:                                                                   *
26/09/2012 11:06:06 (Std) 	*     To get support at the CEGUI forums, you must post _at least_ the section *
26/09/2012 11:06:06 (Std) 	*     of this log file indicated below.  Failure to do this will result in no  *
26/09/2012 11:06:06 (Std) 	*     support being given; please do not waste our time.                       *
26/09/2012 11:06:06 (Std) 	********************************************************************************
26/09/2012 11:06:06 (Std) 	********************************************************************************
26/09/2012 11:06:06 (Std) 	* -------- START OF ESSENTIAL SECTION TO BE POSTED ON THE FORUM       -------- *
26/09/2012 11:06:06 (Std) 	********************************************************************************
26/09/2012 11:06:06 (Std) 	---- Version 0.7.5 (Build: Jul 19 2012 Microsoft Windows MSVC++ 9.0 32 bit) ----
26/09/2012 11:06:06 (Std) 	---- Renderer module is: CS::Renderer - Crystal Space renderer module. ----
26/09/2012 11:06:06 (Std) 	---- XML Parser module is: CEGUI::TinyXMLParser - Official tinyXML based parser module for CEGUI ----
26/09/2012 11:06:06 (Std) 	---- Image Codec module is: CS::ImageCodec - Integrated ImageCodec using the CS engine. ----
26/09/2012 11:06:06 (Std) 	---- Scripting module is: None ----
26/09/2012 11:06:06 (Std) 	********************************************************************************
26/09/2012 11:06:06 (Std) 	* -------- END OF ESSENTIAL SECTION TO BE POSTED ON THE FORUM         -------- *
26/09/2012 11:06:06 (Std) 	********************************************************************************
26/09/2012 11:06:06 (Std) 	
26/09/2012 11:06:06 (Std) 	---- Begining CEGUI System initialisation ----
26/09/2012 11:06:06 (Std) 	CEGUI::ImagesetManager singleton created (0B2295E8)
26/09/2012 11:06:06 (Std) 	CEGUI::FontManager singleton created. (0213F8D8)
26/09/2012 11:06:06 (Std) 	CEGUI::WindowFactoryManager singleton created
26/09/2012 11:06:06 (Std) 	CEGUI::WindowManager singleton created (020D8BA0)
26/09/2012 11:06:06 (Std) 	CEGUI::SchemeManager singleton created. (0216AD88)
26/09/2012 11:06:06 (Std) 	CEGUI::MouseCursor singleton created. (0216AE78)
26/09/2012 11:06:06 (Std) 	CEGUI::GlobalEventSet singleton created. (020EA7D0)
26/09/2012 11:06:06 (Std) 	CEGUI::AnimationManager singleton created (02144CE8)
26/09/2012 11:06:06 (Std) 	CEGUI::WidgetLookManager singleton created. (020D6430)
26/09/2012 11:06:06 (Std) 	CEGUI::WindowRendererManager singleton created (020D6408)
26/09/2012 11:06:06 (Std) 	CEGUI::RenderEffectManager singleton created (0B28D1C0)
26/09/2012 11:06:06 (Std) 	Created WindowFactory for 'DefaultWindow' windows.
26/09/2012 11:06:06 (Std) 	WindowFactory for 'DefaultWindow' windows added. (0210FFA0)
26/09/2012 11:06:06 (Std) 	Created WindowFactory for 'DragContainer' windows.
26/09/2012 11:06:06 (Std) 	WindowFactory for 'DragContainer' windows added. (02110048)
26/09/2012 11:06:06 (Std) 	Created WindowFactory for 'ScrolledContainer' windows.
26/09/2012 11:06:06 (Std) 	WindowFactory for 'ScrolledContainer' windows added. (02110240)
26/09/2012 11:06:06 (Std) 	Created WindowFactory for 'ClippedContainer' windows.
26/09/2012 11:06:06 (Std) 	WindowFactory for 'ClippedContainer' windows added. (021102E8)
26/09/2012 11:06:06 (Std) 	Created WindowFactory for 'CEGUI/Checkbox' windows.
26/09/2012 11:06:06 (Std) 	WindowFactory for 'CEGUI/Checkbox' windows added. (02110390)
26/09/2012 11:06:06 (Std) 	Created WindowFactory for 'CEGUI/PushButton' windows.
26/09/2012 11:06:06 (Std) 	WindowFactory for 'CEGUI/PushButton' windows added. (02110438)
26/09/2012 11:06:06 (Std) 	Created WindowFactory for 'CEGUI/RadioButton' windows.
26/09/2012 11:06:06 (Std) 	WindowFactory for 'CEGUI/RadioButton' windows added. (021104E0)
26/09/2012 11:06:06 (Std) 	Created WindowFactory for 'CEGUI/Combobox' windows.
26/09/2012 11:06:06 (Std) 	WindowFactory for 'CEGUI/Combobox' windows added. (02110588)
26/09/2012 11:06:06 (Std) 	Created WindowFactory for 'CEGUI/ComboDropList' windows.
26/09/2012 11:06:06 (Std) 	WindowFactory for 'CEGUI/ComboDropList' windows added. (02110630)
26/09/2012 11:06:06 (Std) 	Created WindowFactory for 'CEGUI/Editbox' windows.
26/09/2012 11:06:06 (Std) 	WindowFactory for 'CEGUI/Editbox' windows added. (021106D8)
26/09/2012 11:06:06 (Std) 	Created WindowFactory for 'CEGUI/FrameWindow' windows.
26/09/2012 11:06:06 (Std) 	WindowFactory for 'CEGUI/FrameWindow' windows added. (02110780)
26/09/2012 11:06:06 (Std) 	Created WindowFactory for 'CEGUI/ItemEntry' windows.
26/09/2012 11:06:06 (Std) 	WindowFactory for 'CEGUI/ItemEntry' windows added. (02110828)
26/09/2012 11:06:06 (Std) 	Created WindowFactory for 'CEGUI/Listbox' windows.
26/09/2012 11:06:06 (Std) 	WindowFactory for 'CEGUI/Listbox' windows added. (021108D0)
26/09/2012 11:06:06 (Std) 	Created WindowFactory for 'CEGUI/ListHeader' windows.
26/09/2012 11:06:06 (Std) 	WindowFactory for 'CEGUI/ListHeader' windows added. (02110978)
26/09/2012 11:06:06 (Std) 	Created WindowFactory for 'CEGUI/ListHeaderSegment' windows.
26/09/2012 11:06:06 (Std) 	WindowFactory for 'CEGUI/ListHeaderSegment' windows added. (02110A20)
26/09/2012 11:06:06 (Std) 	Created WindowFactory for 'CEGUI/Menubar' windows.
26/09/2012 11:06:06 (Std) 	WindowFactory for 'CEGUI/Menubar' windows added. (02110AC8)
26/09/2012 11:06:06 (Std) 	Created WindowFactory for 'CEGUI/PopupMenu' windows.
26/09/2012 11:06:06 (Std) 	WindowFactory for 'CEGUI/PopupMenu' windows added. (02110B70)
26/09/2012 11:06:06 (Std) 	Created WindowFactory for 'CEGUI/MenuItem' windows.
26/09/2012 11:06:06 (Std) 	WindowFactory for 'CEGUI/MenuItem' windows added. (02110C18)
26/09/2012 11:06:06 (Std) 	Created WindowFactory for 'CEGUI/MultiColumnList' windows.
26/09/2012 11:06:06 (Std) 	WindowFactory for 'CEGUI/MultiColumnList' windows added. (02110CC0)
26/09/2012 11:06:06 (Std) 	Created WindowFactory for 'CEGUI/MultiLineEditbox' windows.
26/09/2012 11:06:06 (Std) 	WindowFactory for 'CEGUI/MultiLineEditbox' windows added. (02110D68)
26/09/2012 11:06:06 (Std) 	Created WindowFactory for 'CEGUI/ProgressBar' windows.
26/09/2012 11:06:06 (Std) 	WindowFactory for 'CEGUI/ProgressBar' windows added. (02110E10)
26/09/2012 11:06:06 (Std) 	Created WindowFactory for 'CEGUI/ScrollablePane' windows.
26/09/2012 11:06:06 (Std) 	WindowFactory for 'CEGUI/ScrollablePane' windows added. (02110EB8)
26/09/2012 11:06:06 (Std) 	Created WindowFactory for 'CEGUI/Scrollbar' windows.
26/09/2012 11:06:06 (Std) 	WindowFactory for 'CEGUI/Scrollbar' windows added. (02110F60)
26/09/2012 11:06:06 (Std) 	Created WindowFactory for 'CEGUI/Slider' windows.
26/09/2012 11:06:06 (Std) 	WindowFactory for 'CEGUI/Slider' windows added. (02111008)
26/09/2012 11:06:06 (Std) 	Created WindowFactory for 'CEGUI/Spinner' windows.
26/09/2012 11:06:06 (Std) 	WindowFactory for 'CEGUI/Spinner' windows added. (021110B0)
26/09/2012 11:06:06 (Std) 	Created WindowFactory for 'CEGUI/TabButton' windows.
26/09/2012 11:06:06 (Std) 	WindowFactory for 'CEGUI/TabButton' windows added. (02111158)
26/09/2012 11:06:06 (Std) 	Created WindowFactory for 'CEGUI/TabControl' windows.
26/09/2012 11:06:06 (Std) 	WindowFactory for 'CEGUI/TabControl' windows added. (02111200)
26/09/2012 11:06:06 (Std) 	Created WindowFactory for 'CEGUI/Thumb' windows.
26/09/2012 11:06:06 (Std) 	WindowFactory for 'CEGUI/Thumb' windows added. (021112A8)
26/09/2012 11:06:06 (Std) 	Created WindowFactory for 'CEGUI/Titlebar' windows.
26/09/2012 11:06:06 (Std) 	WindowFactory for 'CEGUI/Titlebar' windows added. (02111350)
26/09/2012 11:06:06 (Std) 	Created WindowFactory for 'CEGUI/Tooltip' windows.
26/09/2012 11:06:06 (Std) 	WindowFactory for 'CEGUI/Tooltip' windows added. (021113F8)
26/09/2012 11:06:06 (Std) 	Created WindowFactory for 'CEGUI/ItemListbox' windows.
26/09/2012 11:06:06 (Std) 	WindowFactory for 'CEGUI/ItemListbox' windows added. (021114A0)
26/09/2012 11:06:06 (Std) 	Created WindowFactory for 'CEGUI/GroupBox' windows.
26/09/2012 11:06:06 (Std) 	WindowFactory for 'CEGUI/GroupBox' windows added. (02111548)
26/09/2012 11:06:06 (Std) 	Created WindowFactory for 'CEGUI/Tree' windows.
26/09/2012 11:06:06 (Std) 	WindowFactory for 'CEGUI/Tree' windows added. (021115F0)
26/09/2012 11:06:06 (Std) 	Created WindowFactory for 'HorizontalLayoutContainer' windows.
26/09/2012 11:06:06 (Std) 	WindowFactory for 'HorizontalLayoutContainer' windows added. (02111698)
26/09/2012 11:06:06 (Std) 	Created WindowFactory for 'VerticalLayoutContainer' windows.
26/09/2012 11:06:06 (Std) 	WindowFactory for 'VerticalLayoutContainer' windows added. (02111740)
26/09/2012 11:06:06 (Std) 	Created WindowFactory for 'GridLayoutContainer' windows.
26/09/2012 11:06:06 (Std) 	WindowFactory for 'GridLayoutContainer' windows added. (021117E8)
26/09/2012 11:06:06 (Std) 	Window type alias named 'DefaultGUISheet' added for window type 'DefaultWindow'.
26/09/2012 11:06:06 (Std) 	CEGUI::System singleton created. (0B287EE0)
26/09/2012 11:06:06 (Std) 	---- CEGUI System initialisation completed ----
26/09/2012 11:06:06 (Std) 	
26/09/2012 11:06:06 (Std) 	WindowFactory for 'CEGUI/SettingSlider' windows added. (02B6CB50)
26/09/2012 11:06:06 (Std) 	WindowFactory for 'CEGUI/SettingComboBox' windows added. (02B6CBF0)
